 {"choosen":{"items":[64,79,30],"price":981.1365712461866},"r":0.0717807890600104}
 {"items":[34,111],"price":976.3982613460993}
 {"items":[115,32,93,33],"price":794.1668401355828}
 {"items":[104],"price":884.2672145296366}
 {"items":[15,10],"price":787.7075664606641}
 {"items":[5,1],"price":810.0850287134973}
 {"items":[72],"price":759.8498583913275}
 {"items":[114],"price":731.4780655699097}
 {"items":[12,70,110,26,57,63,60,69,74,109],"price":659.5716467780926}
 {"items":[81,39,73],"price":602.5411405541789}
 {"items":[112],"price":634.5299901068171}
 {"items":[56,16,76,85,61,4,25,41,31,52,101,11,75,90,71],"price":542.422970493219}
 {"items":[0],"price":583.4557521263075}
 {"items":[49],"price":520.8256167474024}
 {"items":[35,47],"price":489.8786960379895}
 {"items":[23],"price":485.95861197608014}
 {"items":[62,8,102,17,68,3,45,100,83,28,113,88,66,24,97,98,55,53,99,94,43,14],"price":328.2313441284448}
 {"items":[37],"price":392.3071873840238}
 {"items":[13],"price":361.30336097836624}
 {"items":[21,42,59,27,6],"price":145.5926999159729}
 {"items":[86,91],"price":257.04553318903424}
 {"items":[36,18,67],"price":122.17314702822324}
 {"items":[87,80,96],"price":76.9153186825391}
 {"price":12060.086077784028}
 {"items":[38],"price":113.38022651062096}
 {"choosen":{"items":[34,111],"price":976.3982613460993},"r":0.8840251912629185}
 {"items":[104],"price":884.2672145296366}
 {"items":[115,32,93,33],"price":794.1668401355828}
 {"items":[15,10],"price":787.7075664606641}
 {"items":[5,1],"price":810.0850287134973}
 {"items":[114],"price":731.4780655699097}
 {"items":[72],"price":759.8498583913275}
 {"items":[12,70,110,26,57,63,60,69,74,109],"price":659.5716467780926}
 {"items":[112],"price":634.5299901068171}
 {"items":[81,39,73],"price":602.5411405541789}
 {"items":[56,16,76,85,61,4,25,41,31,52,101,11,75,90,71],"price":542.422970493219}
 {"items":[49],"price":520.8256167474024}
 {"items":[0],"price":583.4557521263075}
 {"items":[35,47],"price":489.8786960379895}
 {"items":[23],"price":485.95861197608014}
 {"items":[37],"price":392.3071873840238}
 {"items":[13],"price":361.30336097836624}
 {"items":[62,8,102,17,68,3,45,100,83,28,113,88,66,24,97,98,55,53,99,94,43,14],"price":328.2313441284448}
 {"items":[86,91],"price":257.04553318903424}
 {"items":[21,42,59,27,6],"price":145.5926999159729}
 {"items":[36,18,67],"price":122.17314702822324}
 {"items":[87,80,96],"price":76.9153186825391}
 {"price":11083.687816437929}
 {"items":[38],"price":113.38022651062096}
 {"choosen":{"items":[104],"price":884.2672145296366},"r":0.778522636454867}
 {"items":[5,1],"price":810.0850287134973}
 {"items":[115,32,93,33],"price":794.1668401355828}
 {"items":[72],"price":759.8498583913275}
 {"items":[15,10],"price":787.7075664606641}
 {"items":[114],"price":731.4780655699097}
 {"items":[12,70,110,26,57,63,60,69,74,109],"price":659.5716467780926}
 {"items":[81,39,73],"price":602.5411405541789}
 {"items":[0],"price":583.4557521263075}
 {"items":[112],"price":634.5299901068171}
 {"items":[56,16,76,85,61,4,25,41,31,52,101,11,75,90,71],"price":542.422970493219}
 {"items":[49],"price":520.8256167474024}
 {"items":[23],"price":485.95861197608014}
 {"items":[35,47],"price":489.8786960379895}
 {"items":[13],"price":361.30336097836624}
 {"items":[62,8,102,17,68,3,45,100,83,28,113,88,66,24,97,98,55,53,99,94,43,14],"price":328.2313441284448}
 {"items":[86,91],"price":257.04553318903424}
 {"items":[21,42,59,27,6],"price":145.5926999159729}
 {"items":[37],"price":392.3071873840238}
 {"items":[36,18,67],"price":122.17314702822324}
 {"items":[38],"price":113.38022651062096}
 {"items":[87,80,96],"price":76.9153186825391}
 {"choosen":{"items":[5,1],"price":810.0850287134973},"r":0.05650832292574459}
 {"items":[15,10],"price":787.7075664606641}
 {"price":10199.420601908292}
 {"items":[72],"price":759.8498583913275}
 {"items":[115,32,93,33],"price":794.1668401355828}
 {"items":[12,70,110,26,57,63,60,69,74,109],"price":659.5716467780926}
 {"items":[114],"price":731.4780655699097}
 {"items":[81,39,73],"price":602.5411405541789}
 {"items":[0],"price":583.4557521263075}
 {"items":[112],"price":634.5299901068171}
 {"items":[56,16,76,85,61,4,25,41,31,52,101,11,75,90,71],"price":542.422970493219}
 {"items":[23],"price":485.95861197608014}
 {"items":[35,47],"price":489.8786960379895}
 {"items":[49],"price":520.8256167474024}
 {"items":[13],"price":361.30336097836624}
 {"items":[62,8,102,17,68,3,45,100,83,28,113,88,66,24,97,98,55,53,99,94,43,14],"price":328.2313441284448}
 {"items":[86,91],"price":257.04553318903424}
 {"items":[21,42,59,27,6],"price":145.5926999159729}
 {"items":[37],"price":392.3071873840238}
 {"items":[38],"price":113.38022651062096}
 {"items":[36,18,67],"price":122.17314702822324}
 {"items":[87,80,96],"price":76.9153186825391}
 {"choosen":{"items":[115,32,93,33],"price":794.1668401355828},"r":0.5485681618238527}
 {"items":[15,10],"price":787.7075664606641}
 {"items":[72],"price":759.8498583913275}
 {"items":[114],"price":731.4780655699097}
 {"items":[12,70,110,26,57,63,60,69,74,109],"price":659.5716467780926}
 {"items":[81,39,73],"price":602.5411405541789}
 {"price":9389.335573194794}
 {"items":[112],"price":634.5299901068171}
 {"items":[56,16,76,85,61,4,25,41,31,52,101,11,75,90,71],"price":542.422970493219}
 {"items":[49],"price":520.8256167474024}
 {"items":[0],"price":583.4557521263075}
 {"items":[37],"price":392.3071873840238}
 {"items":[23],"price":485.95861197608014}
 {"items":[35,47],"price":489.8786960379895}
 {"items":[62,8,102,17,68,3,45,100,83,28,113,88,66,24,97,98,55,53,99,94,43,14],"price":328.2313441284448}
 {"items":[21,42,59,27,6],"price":145.5926999159729}
 {"items":[86,91],"price":257.04553318903424}
 {"items":[36,18,67],"price":122.17314702822324}
 {"items":[38],"price":113.38022651062096}
 {"items":[87,80,96],"price":76.9153186825391}
 {"price":8595.168733059212}
 {"items":[13],"price":361.30336097836624}
 {"items":[72],"price":759.8498583913275}
 {"choosen":{"items":[15,10],"price":787.7075664606641},"r":0.9945750816361498}
 {"items":[12,70,110,26,57,63,60,69,74,109],"price":659.5716467780926}
 {"items":[114],"price":731.4780655699097}
 {"items":[112],"price":634.5299901068171}
 {"items":[81,39,73],"price":602.5411405541789}
 {"items":[56,16,76,85,61,4,25,41,31,52,101,11,75,90,71],"price":542.422970493219}
 {"items":[49],"price":520.8256167474024}
 {"items":[0],"price":583.4557521263075}
 {"items":[23],"price":485.95861197608014}
 {"items":[35,47],"price":489.8786960379895}
 {"items":[37],"price":392.3071873840238}
 {"items":[13],"price":361.30336097836624}
 {"items":[62,8,102,17,68,3,45,100,83,28,113,88,66,24,97,98,55,53,99,94,43,14],"price":328.2313441284448}
 {"items":[86,91],"price":257.04553318903424}
 {"items":[21,42,59,27,6],"price":145.5926999159729}
 {"items":[38],"price":113.38022651062096}
 {"price":7807.4611665985485}
 {"items":[36,18,67],"price":122.17314702822324}
 {"choosen":{"items":[72],"price":759.8498583913275},"r":0.3724771950657939}
 {"items":[114],"price":731.4780655699097}
 {"items":[12,70,110,26,57,63,60,69,74,109],"price":659.5716467780926}
 {"items":[112],"price":634.5299901068171}
 {"items":[87,80,96],"price":76.9153186825391}
 {"items":[0],"price":583.4557521263075}
 {"items":[81,39,73],"price":602.5411405541789}
 {"items":[56,16,76,85,61,4,25,41,31,52,101,11,75,90,71],"price":542.422970493219}
 {"items":[35,47],"price":489.8786960379895}
 {"items":[23],"price":485.95861197608014}
 {"items":[37],"price":392.3071873840238}
 {"items":[13],"price":361.30336097836624}
 {"items":[62,8,102,17,68,3,45,100,83,28,113,88,66,24,97,98,55,53,99,94,43,14],"price":328.2313441284448}
 {"items":[86,91],"price":257.04553318903424}
 {"items":[21,42,59,27,6],"price":145.5926999159729}
 {"items":[49],"price":520.8256167474024}
 {"items":[36,18,67],"price":122.17314702822324}
 {"items":[38],"price":113.38022651062096}
 {"items":[87,80,96],"price":76.9153186825391}
 {"choosen":{"items":[114],"price":731.4780655699097},"r":0.7688334458885506}
 {"items":[12,70,110,26,57,63,60,69,74,109],"price":659.5716467780926}
 {"items":[112],"price":634.5299901068171}
 {"items":[81,39,73],"price":602.5411405541789}
 {"items":[0],"price":583.4557521263075}
 {"price":7047.611308207221}
 {"items":[56,16,76,85,61,4,25,41,31,52,101,11,75,90,71],"price":542.422970493219}
 {"items":[35,47],"price":489.8786960379895}
 {"items":[23],"price":485.95861197608014}
 {"items":[37],"price":392.3071873840238}
 {"items":[13],"price":361.30336097836624}
 {"items":[62,8,102,17,68,3,45,100,83,28,113,88,66,24,97,98,55,53,99,94,43,14],"price":328.2313441284448}
 {"items":[86,91],"price":257.04553318903424}
 {"items":[21,42,59,27,6],"price":145.5926999159729}
 {"items":[36,18,67],"price":122.17314702822324}
 {"items":[49],"price":520.8256167474024}
 {"items":[87,80,96],"price":76.9153186825391}
 {"price":6316.133242637311}
 {"choosen":{"items":[12,70,110,26,57,63,60,69,74,109],"price":659.5716467780926},"r":0.12407165965767608}
 {"items":[112],"price":634.5299901068171}
 {"items":[81,39,73],"price":602.5411405541789}
 {"items":[0],"price":583.4557521263075}
 {"items":[38],"price":113.38022651062096}
 {"items":[35,47],"price":489.8786960379895}
 {"items":[49],"price":520.8256167474024}
 {"items":[56,16,76,85,61,4,25,41,31,52,101,11,75,90,71],"price":542.422970493219}
 {"items":[23],"price":485.95861197608014}
 {"items":[13],"price":361.30336097836624}
 {"items":[62,8,102,17,68,3,45,100,83,28,113,88,66,24,97,98,55,53,99,94,43,14],"price":328.2313441284448}
 {"items":[86,91],"price":257.04553318903424}
 {"items":[21,42,59,27,6],"price":145.5926999159729}
 {"items":[37],"price":392.3071873840238}
 {"items":[36,18,67],"price":122.17314702822324}
 {"items":[87,80,96],"price":76.9153186825391}
 {"choosen":{"items":[112],"price":634.5299901068171},"r":0.7956280585637374}
 {"price":5656.561595859219}
 {"items":[38],"price":113.38022651062096}
 {"items":[0],"price":583.4557521263075}
 {"items":[81,39,73],"price":602.5411405541789}
 {"items":[56,16,76,85,61,4,25,41,31,52,101,11,75,90,71],"price":542.422970493219}
 {"items":[49],"price":520.8256167474024}
 {"items":[35,47],"price":489.8786960379895}
 {"items":[37],"price":392.3071873840238}
 {"items":[23],"price":485.95861197608014}
 {"items":[86,91],"price":257.04553318903424}
 {"items":[62,8,102,17,68,3,45,100,83,28,113,88,66,24,97,98,55,53,99,94,43,14],"price":328.2313441284448}
 {"items":[13],"price":361.30336097836624}
 {"items":[21,42,59,27,6],"price":145.5926999159729}
 {"items":[38],"price":113.38022651062096}
 {"items":[36,18,67],"price":122.17314702822324}
 {"items":[87,80,96],"price":76.9153186825391}
 {"items":[64,79,30],"price":981.1365712461866}
 {"items":[34,111],"price":976.3982613460993}
 {"items":[104],"price":884.2672145296366}
 {"price":5022.031605752401}
 {"items":[5,1],"price":810.0850287134973}
 {"items":[15,10],"price":787.7075664606641}
 {"items":[115,32,93,33],"price":794.1668401355828}
 {"items":[114],"price":731.4780655699097}
 {"items":[72],"price":759.8498583913275}
 {"items":[12,70,110,26,57,63,60,69,74,109],"price":659.5716467780926}
 {"items":[112],"price":634.5299901068171}
 {"items":[81,39,73],"price":602.5411405541789}
 {"items":[56,16,76,85,61,4,25,41,31,52,101,11,75,90,71],"price":542.422970493219}
 {"items":[49],"price":520.8256167474024}
 {"items":[35,47],"price":489.8786960379895}
 {"items":[23],"price":485.95861197608014}
 {"items":[37],"price":392.3071873840238}
 {"items":[13],"price":361.30336097836624}
 {"items":[62,8,102,17,68,3,45,100,83,28,113,88,66,24,97,98,55,53,99,94,43,14],"price":328.2313441284448}
 {"items":[86,91],"price":257.04553318903424}
 {"items":[0],"price":583.4557521263075}
 {"items":[36,18,67],"price":122.17314702822324}
 {"items":[21,42,59,27,6],"price":145.5926999159729}
 {"items":[38],"price":113.38022651062096}
 {"items":[87,80,96],"price":76.9153186825391}
 {"price":13041.222649030213}
 {"choosen":{"items":[162],"price":987.8056152163026},"r":0.10629949075053591}
 {"items":[16,95,62],"price":973.9173849560887}
 {"items":[60],"price":972.5697852417475}
 {"items":[148],"price":953.8335952474431}
 {"items":[172],"price":963.2519552612378}
 {"items":[10,111,127],"price":896.7997966239029}
 {"items":[94,142,59,138,153,53,166,124,27,77,73,65,79,4,176,6,64,32,13,23,173,51,97,100,157,43,168,109,103,106,159,169,112,136,12,55,67,155,115,101,14,17,126,58,129,26,139,46,113,141,104,61,102,96,170,118,63,99,122,158],"price":866.8472400006107}
 {"items":[140,146],"price":807.399370638394}
 {"items":[52],"price":876.6949965042195}
 {"items":[175,130],"price":746.9817387434734}
 {"items":[116],"price":708.4728628050889}
 {"items":[147,44],"price":761.8616028338552}
 {"items":[31,117,21,86],"price":677.9528632122409}
 {"items":[69],"price":667.5991774203856}
 {"items":[35],"price":685.6835618040786}
 {"items":[144],"price":581.6115472108643}
 {"items":[123],"price":539.6716867256488}
 {"items":[89],"price":684.3035443959378}
 {"items":[131],"price":518.0660749110466}
 {"items":[93],"price":482.6654191637718}
 {"items":[39],"price":452.0587067652748}
 {"items":[134],"price":377.5928769164498}
 {"items":[121],"price":354.47775927539584}
 {"items":[132,9,98],"price":361.4202587605111}
 {"items":[128,145,41,85,8,165],"price":331.33109689751984}
 {"items":[83],"price":295.7085604186622}
 {"items":[114],"price":345.06154020280565}
 {"items":[135,92],"price":239.21566861908227}
 {"items":[2,151],"price":216.5425932054672}
 {"items":[18,87],"price":200.235407674072}
 {"items":[11],"price":265.25465413856654}
 {"items":[66,84],"price":153.79109865966223}
 {"items":[68],"price":124.75377262106124}
 {"items":[72],"price":162.8848613121896}
 {"items":[36,30],"price":117.85281035092754}
 {"items":[7,167],"price":108.45957841178166}
 {"items":[5,57,28],"price":70.84599001472935}
 {"items":[174],"price":74.97738800285259}
 {"items":[49,120,40],"price":66.60384214776394}
 {"choosen":{"items":[16,95,62],"price":973.9173849560887},"r":0.14141150883166076}
 {"items":[60],"price":972.5697852417475}
 {"items":[172],"price":963.2519552612378}
 {"items":[10,111,127],"price":896.7997966239029}
 {"items":[148],"price":953.8335952474431}
 {"items":[52],"price":876.6949965042195}
 {"price":18685.252668094803}
 {"items":[94,142,59,138,153,53,166,124,27,77,73,65,79,4,176,6,64,32,13,23,173,51,97,100,157,43,168,109,103,106,159,169,112,136,12,55,67,155,115,101,14,17,126,58,129,26,139,46,113,141,104,61,102,96,170,118,63,99,122,158],"price":866.8472400006107}
 {"items":[147,44],"price":761.8616028338552}
 {"items":[175,130],"price":746.9817387434734}
 {"items":[116],"price":708.4728628050889}
 {"items":[140,146],"price":807.399370638394}
 {"items":[89],"price":684.3035443959378}
 {"items":[31,117,21,86],"price":677.9528632122409}
 {"items":[144],"price":581.6115472108643}
 {"items":[35],"price":685.6835618040786}
 {"items":[131],"price":518.0660749110466}
 {"items":[123],"price":539.6716867256488}
 {"items":[39],"price":452.0587067652748}
 {"items":[69],"price":667.5991774203856}
 {"items":[93],"price":482.6654191637718}
 {"items":[134],"price":377.5928769164498}
 {"items":[132,9,98],"price":361.4202587605111}
 {"items":[128,145,41,85,8,165],"price":331.33109689751984}
 {"items":[121],"price":354.47775927539584}
 {"items":[11],"price":265.25465413856654}
 {"items":[114],"price":345.06154020280565}
 {"items":[83],"price":295.7085604186622}
 {"items":[135,92],"price":239.21566861908227}
 {"items":[2,151],"price":216.5425932054672}
 {"items":[72],"price":162.8848613121896}
 {"items":[18,87],"price":200.235407674072}
 {"items":[68],"price":124.75377262106124}
 {"items":[66,84],"price":153.79109865966223}
 {"items":[7,167],"price":108.45957841178166}
 {"items":[174],"price":74.97738800285259}
 {"items":[36,30],"price":117.85281035092754}
 {"items":[5,57,28],"price":70.84599001472935}
 {"price":17711.335283138713}
 {"items":[49,120,40],"price":66.60384214776394}
 {"choosen":{"items":[60],"price":972.5697852417475},"r":0.5359209432353398}
 {"items":[172],"price":963.2519552612378}
 {"items":[148],"price":953.8335952474431}
 {"items":[52],"price":876.6949965042195}
 {"items":[10,111,127],"price":896.7997966239029}
 {"items":[94,142,59,138,153,53,166,124,27,77,73,65,79,4,176,6,64,32,13,23,173,51,97,100,157,43,168,109,103,106,159,169,112,136,12,55,67,155,115,101,14,17,126,58,129,26,139,46,113,141,104,61,102,96,170,118,63,99,122,158],"price":866.8472400006107}
 {"items":[147,44],"price":761.8616028338552}
 {"items":[175,130],"price":746.9817387434734}
 {"items":[116],"price":708.4728628050889}
 {"items":[140,146],"price":807.399370638394}
 {"items":[35],"price":685.6835618040786}
 {"items":[31,117,21,86],"price":677.9528632122409}
 {"items":[69],"price":667.5991774203856}
 {"items":[89],"price":684.3035443959378}
 {"items":[144],"price":581.6115472108643}
 {"items":[131],"price":518.0660749110466}
 {"items":[123],"price":539.6716867256488}
 {"items":[39],"price":452.0587067652748}
 {"items":[134],"price":377.5928769164498}
 {"items":[132,9,98],"price":361.4202587605111}
 {"items":[121],"price":354.47775927539584}
 {"items":[114],"price":345.06154020280565}
 {"items":[128,145,41,85,8,165],"price":331.33109689751984}
 {"items":[83],"price":295.7085604186622}
 {"items":[93],"price":482.6654191637718}
 {"items":[11],"price":265.25465413856654}
 {"items":[135,92],"price":239.21566861908227}
 {"items":[2,151],"price":216.5425932054672}
 {"items":[66,84],"price":153.79109865966223}
 {"items":[18,87],"price":200.235407674072}
 {"items":[72],"price":162.8848613121896}
 {"items":[36,30],"price":117.85281035092754}
 {"items":[68],"price":124.75377262106124}
 {"items":[7,167],"price":108.45957841178166}
 {"items":[5,57,28],"price":70.84599001472935}
 {"items":[49,120,40],"price":66.60384214776394}
 {"price":16738.765497896973}
 {"items":[174],"price":74.97738800285259}
 {"items":[148],"price":953.8335952474431}
 {"choosen":{"items":[172],"price":963.2519552612378},"r":0.8597327997389517}
 {"items":[140,146],"price":807.399370638394}
 {"items":[10,111,127],"price":896.7997966239029}
 {"items":[147,44],"price":761.8616028338552}
 {"items":[94,142,59,138,153,53,166,124,27,77,73,65,79,4,176,6,64,32,13,23,173,51,97,100,157,43,168,109,103,106,159,169,112,136,12,55,67,155,115,101,14,17,126,58,129,26,139,46,113,141,104,61,102,96,170,118,63,99,122,158],"price":866.8472400006107}
 {"items":[52],"price":876.6949965042195}
 {"items":[35],"price":685.6835618040786}
 {"items":[116],"price":708.4728628050889}
 {"items":[175,130],"price":746.9817387434734}
 {"items":[31,117,21,86],"price":677.9528632122409}
 {"items":[89],"price":684.3035443959378}
 {"items":[123],"price":539.6716867256488}
 {"items":[69],"price":667.5991774203856}
 {"items":[144],"price":581.6115472108643}
 {"items":[39],"price":452.0587067652748}
 {"items":[131],"price":518.0660749110466}
 {"items":[121],"price":354.47775927539584}
 {"items":[93],"price":482.6654191637718}
 {"items":[134],"price":377.5928769164498}
 {"items":[132,9,98],"price":361.4202587605111}
 {"items":[128,145,41,85,8,165],"price":331.33109689751984}
 {"items":[11],"price":265.25465413856654}
 {"items":[114],"price":345.06154020280565}
 {"items":[83],"price":295.7085604186622}
 {"items":[135,92],"price":239.21566861908227}
 {"items":[18,87],"price":200.235407674072}
 {"items":[2,151],"price":216.5425932054672}
 {"items":[72],"price":162.8848613121896}
 {"items":[36,30],"price":117.85281035092754}
 {"items":[68],"price":124.75377262106124}
 {"items":[66,84],"price":153.79109865966223}
 {"items":[174],"price":74.97738800285259}
2021.07.09, 15:58:02.0988 UTC -> {"items":[7,167],"price":108.45957841178166}
2021.07.09, 15:58:02.0988 UTC -> {"items":[5,57,28],"price":70.84599001472935}
2021.07.09, 15:58:02.0988 UTC -> {"items":[49,120,40],"price":66.60384214776394}
2021.07.09, 15:58:02.0988 UTC -> {"choosen":{"items":[148],"price":953.8335952474431},"r":0.7103946064474862}
2021.07.09, 15:58:02.0988 UTC -> {"items":[10,111,127],"price":896.7997966239029}
2021.07.09, 15:58:02.0988 UTC -> {"price":15775.513542635737}
2021.07.09, 15:58:02.0988 UTC -> {"items":[94,142,59,138,153,53,166,124,27,77,73,65,79,4,176,6,64,32,13,23,173,51,97,100,157,43,168,109,103,106,159,169,112,136,12,55,67,155,115,101,14,17,126,58,129,26,139,46,113,141,104,61,102,96,170,118,63,99,122,158],"price":866.8472400006107}
2021.07.09, 15:58:02.0988 UTC -> {"items":[52],"price":876.6949965042195}
2021.07.09, 15:58:02.0988 UTC -> {"items":[140,146],"price":807.399370638394}
2021.07.09, 15:58:02.0988 UTC -> {"items":[175,130],"price":746.9817387434734}
2021.07.09, 15:58:02.0988 UTC -> {"items":[116],"price":708.4728628050889}
2021.07.09, 15:58:02.0988 UTC -> {"items":[147,44],"price":761.8616028338552}
2021.07.09, 15:58:02.0988 UTC -> {"items":[89],"price":684.3035443959378}
2021.07.09, 15:58:02.0989 UTC -> {"items":[69],"price":667.5991774203856}
2021.07.09, 15:58:02.0989 UTC -> {"items":[31,117,21,86],"price":677.9528632122409}
2021.07.09, 15:58:02.0989 UTC -> {"items":[144],"price":581.6115472108643}
2021.07.09, 15:58:02.0989 UTC -> {"items":[131],"price":518.0660749110466}
2021.07.09, 15:58:02.0988 UTC -> {"items":[35],"price":685.6835618040786}
2021.07.09, 15:58:02.0989 UTC -> {"items":[123],"price":539.6716867256488}
2021.07.09, 15:58:02.0989 UTC -> {"items":[93],"price":482.6654191637718}
2021.07.09, 15:58:02.0989 UTC -> {"items":[132,9,98],"price":361.4202587605111}
2021.07.09, 15:58:02.0989 UTC -> {"items":[39],"price":452.0587067652748}
2021.07.09, 15:58:02.0989 UTC -> {"items":[121],"price":354.47775927539584}
2021.07.09, 15:58:02.0989 UTC -> {"items":[128,145,41,85,8,165],"price":331.33109689751984}
2021.07.09, 15:58:02.0989 UTC -> {"items":[134],"price":377.5928769164498}
2021.07.09, 15:58:02.0989 UTC -> {"items":[11],"price":265.25465413856654}
2021.07.09, 15:58:02.0989 UTC -> {"items":[114],"price":345.06154020280565}
2021.07.09, 15:58:02.0989 UTC -> {"items":[135,92],"price":239.21566861908227}
2021.07.09, 15:58:02.0989 UTC -> {"items":[2,151],"price":216.5425932054672}
2021.07.09, 15:58:02.0989 UTC -> {"items":[18,87],"price":200.235407674072}
2021.07.09, 15:58:02.0989 UTC -> {"items":[83],"price":295.7085604186622}
2021.07.09, 15:58:02.0989 UTC -> {"items":[66,84],"price":153.79109865966223}
2021.07.09, 15:58:02.0989 UTC -> {"items":[68],"price":124.75377262106124}
2021.07.09, 15:58:02.0989 UTC -> {"items":[72],"price":162.8848613121896}
2021.07.09, 15:58:02.0989 UTC -> {"items":[7,167],"price":108.45957841178166}
2021.07.09, 15:58:02.0989 UTC -> {"items":[174],"price":74.97738800285259}
2021.07.09, 15:58:02.0989 UTC -> {"items":[36,30],"price":117.85281035092754}
2021.07.09, 15:58:02.0989 UTC -> {"items":[49,120,40],"price":66.60384214776394}
2021.07.09, 15:58:02.0989 UTC -> {"items":[5,57,28],"price":70.84599001472935}
2021.07.09, 15:58:02.0989 UTC -> {"items":[52],"price":876.6949965042195}
2021.07.09, 15:58:02.0989 UTC -> {"choosen":{"items":[10,111,127],"price":896.7997966239029},"r":0.07115977815677677}
2021.07.09, 15:58:02.0989 UTC -> {"items":[94,142,59,138,153,53,166,124,27,77,73,65,79,4,176,6,64,32,13,23,173,51,97,100,157,43,168,109,103,106,159,169,112,136,12,55,67,155,115,101,14,17,126,58,129,26,139,46,113,141,104,61,102,96,170,118,63,99,122,158],"price":866.8472400006107}
2021.07.09, 15:58:02.0989 UTC -> {"price":14821.679947388295}
2021.07.09, 15:58:02.0989 UTC -> {"items":[140,146],"price":807.399370638394}
2021.07.09, 15:58:02.0989 UTC -> {"items":[175,130],"price":746.9817387434734}
2021.07.09, 15:58:02.0989 UTC -> {"items":[116],"price":708.4728628050889}
2021.07.09, 15:58:02.0989 UTC -> {"items":[147,44],"price":761.8616028338552}
2021.07.09, 15:58:02.0989 UTC -> {"items":[89],"price":684.3035443959378}
2021.07.09, 15:58:02.0989 UTC -> {"items":[31,117,21,86],"price":677.9528632122409}
2021.07.09, 15:58:02.0989 UTC -> {"items":[69],"price":667.5991774203856}
2021.07.09, 15:58:02.0989 UTC -> {"items":[144],"price":581.6115472108643}
2021.07.09, 15:58:02.0989 UTC -> {"items":[35],"price":685.6835618040786}
2021.07.09, 15:58:02.0989 UTC -> {"items":[131],"price":518.0660749110466}
2021.07.09, 15:58:02.0990 UTC -> {"items":[93],"price":482.6654191637718}
2021.07.09, 15:58:02.0989 UTC -> {"items":[123],"price":539.6716867256488}
2021.07.09, 15:58:02.0990 UTC -> {"items":[134],"price":377.5928769164498}
2021.07.09, 15:58:02.0990 UTC -> {"items":[39],"price":452.0587067652748}
2021.07.09, 15:58:02.0990 UTC -> {"items":[121],"price":354.47775927539584}
2021.07.09, 15:58:02.0990 UTC -> {"items":[132,9,98],"price":361.4202587605111}
2021.07.09, 15:58:02.0990 UTC -> {"items":[128,145,41,85,8,165],"price":331.33109689751984}
2021.07.09, 15:58:02.0990 UTC -> {"items":[83],"price":295.7085604186622}
2021.07.09, 15:58:02.0990 UTC -> {"items":[114],"price":345.06154020280565}
2021.07.09, 15:58:02.0990 UTC -> {"items":[11],"price":265.25465413856654}
2021.07.09, 15:58:02.0990 UTC -> {"items":[2,151],"price":216.5425932054672}
2021.07.09, 15:58:02.0990 UTC -> {"items":[135,92],"price":239.21566861908227}
2021.07.09, 15:58:02.0990 UTC -> {"items":[72],"price":162.8848613121896}
2021.07.09, 15:58:02.0990 UTC -> {"items":[18,87],"price":200.235407674072}
2021.07.09, 15:58:02.0990 UTC -> {"items":[66,84],"price":153.79109865966223}
2021.07.09, 15:58:02.0990 UTC -> {"items":[36,30],"price":117.85281035092754}
2021.07.09, 15:58:02.0990 UTC -> {"items":[68],"price":124.75377262106124}
2021.07.09, 15:58:02.0990 UTC -> {"items":[7,167],"price":108.45957841178166}
2021.07.09, 15:58:02.0990 UTC -> {"items":[5,57,28],"price":70.84599001472935}
2021.07.09, 15:58:02.0990 UTC -> {"items":[174],"price":74.97738800285259}
2021.07.09, 15:58:02.0990 UTC -> {"items":[49,120,40],"price":66.60384214776394}
2021.07.09, 15:58:02.0990 UTC -> {"price":13924.880150764391}
2021.07.09, 15:58:02.0990 UTC -> {"choosen":{"items":[52],"price":876.6949965042195},"r":0.731963766990283}
2021.07.09, 15:58:02.0990 UTC -> {"items":[94,142,59,138,153,53,166,124,27,77,73,65,79,4,176,6,64,32,13,23,173,51,97,100,157,43,168,109,103,106,159,169,112,136,12,55,67,155,115,101,14,17,126,58,129,26,139,46,113,141,104,61,102,96,170,118,63,99,122,158],"price":866.8472400006107}
2021.07.09, 15:58:02.0990 UTC -> {"items":[147,44],"price":761.8616028338552}
2021.07.09, 15:58:02.0990 UTC -> {"items":[175,130],"price":746.9817387434734}
2021.07.09, 15:58:02.0990 UTC -> {"items":[140,146],"price":807.399370638394}
2021.07.09, 15:58:02.0990 UTC -> {"items":[116],"price":708.4728628050889}
2021.07.09, 15:58:02.0990 UTC -> {"items":[35],"price":685.6835618040786}
2021.07.09, 15:58:02.0990 UTC -> {"items":[31,117,21,86],"price":677.9528632122409}
2021.07.09, 15:58:02.0990 UTC -> {"items":[69],"price":667.5991774203856}
2021.07.09, 15:58:02.0990 UTC -> {"items":[144],"price":581.6115472108643}
2021.07.09, 15:58:02.0990 UTC -> {"items":[123],"price":539.6716867256488}
2021.07.09, 15:58:02.0990 UTC -> {"items":[131],"price":518.0660749110466}
2021.07.09, 15:58:02.0990 UTC -> {"items":[89],"price":684.3035443959378}
2021.07.09, 15:58:02.0990 UTC -> {"items":[134],"price":377.5928769164498}
2021.07.09, 15:58:02.0990 UTC -> {"items":[93],"price":482.6654191637718}
2021.07.09, 15:58:02.0990 UTC -> {"items":[132,9,98],"price":361.4202587605111}
2021.07.09, 15:58:02.0990 UTC -> {"items":[39],"price":452.0587067652748}
2021.07.09, 15:58:02.0991 UTC -> {"items":[121],"price":354.47775927539584}
2021.07.09, 15:58:02.0991 UTC -> {"items":[83],"price":295.7085604186622}
2021.07.09, 15:58:02.0991 UTC -> {"items":[128,145,41,85,8,165],"price":331.33109689751984}
2021.07.09, 15:58:02.0991 UTC -> {"items":[114],"price":345.06154020280565}
2021.07.09, 15:58:02.0991 UTC -> {"items":[2,151],"price":216.5425932054672}
2021.07.09, 15:58:02.0991 UTC -> {"items":[135,92],"price":239.21566861908227}
2021.07.09, 15:58:02.0991 UTC -> {"items":[11],"price":265.25465413856654}
2021.07.09, 15:58:02.0991 UTC -> {"items":[18,87],"price":200.235407674072}
2021.07.09, 15:58:02.0991 UTC -> {"items":[66,84],"price":153.79109865966223}
2021.07.09, 15:58:02.0991 UTC -> {"items":[72],"price":162.8848613121896}
2021.07.09, 15:58:02.0991 UTC -> {"items":[68],"price":124.75377262106124}
2021.07.09, 15:58:02.0991 UTC -> {"items":[36,30],"price":117.85281035092754}
2021.07.09, 15:58:02.0991 UTC -> {"items":[5,57,28],"price":70.84599001472935}
2021.07.09, 15:58:02.0991 UTC -> {"items":[7,167],"price":108.45957841178166}
2021.07.09, 15:58:02.0991 UTC -> {"items":[49,120,40],"price":66.60384214776394}
2021.07.09, 15:58:02.0991 UTC -> {"price":13048.185154260173}
2021.07.09, 15:58:02.0991 UTC -> {"items":[174],"price":74.97738800285259}
2021.07.09, 15:58:02.0991 UTC -> {"choosen":{"items":[94,142,59,138,153,53,166,124,27,77,73,65,79,4,176,6,64,32,13,23,173,51,97,100,157,43,168,109,103,106,159,169,112,136,12,55,67,155,115,101,14,17,126,58,129,26,139,46,113,141,104,61,102,96,170,118,63,99,122,158],"price":866.8472400006107},"r":0.7270876259795103}
2021.07.09, 15:58:02.0991 UTC -> {"items":[140,146],"price":807.399370638394}
2021.07.09, 15:58:02.0991 UTC -> {"items":[175,130],"price":746.9817387434734}
2021.07.09, 15:58:02.0991 UTC -> {"items":[147,44],"price":761.8616028338552}
2021.07.09, 15:58:02.0991 UTC -> {"items":[89],"price":684.3035443959378}
2021.07.09, 15:58:02.0991 UTC -> {"items":[116],"price":708.4728628050889}
2021.07.09, 15:58:02.0991 UTC -> {"items":[69],"price":667.5991774203856}
2021.07.09, 15:58:02.0991 UTC -> {"items":[31,117,21,86],"price":677.9528632122409}
2021.07.09, 15:58:02.0991 UTC -> {"items":[35],"price":685.6835618040786}
2021.07.09, 15:58:02.0991 UTC -> {"items":[144],"price":581.6115472108643}
2021.07.09, 15:58:02.0991 UTC -> {"items":[131],"price":518.0660749110466}
2021.07.09, 15:58:02.0991 UTC -> {"items":[93],"price":482.6654191637718}
2021.07.09, 15:58:02.0991 UTC -> {"items":[123],"price":539.6716867256488}
2021.07.09, 15:58:02.0991 UTC -> {"items":[39],"price":452.0587067652748}
2021.07.09, 15:58:02.0991 UTC -> {"items":[132,9,98],"price":361.4202587605111}
2021.07.09, 15:58:02.0991 UTC -> {"items":[114],"price":345.06154020280565}
2021.07.09, 15:58:02.0991 UTC -> {"items":[83],"price":295.7085604186622}
2021.07.09, 15:58:02.0991 UTC -> {"items":[134],"price":377.5928769164498}
2021.07.09, 15:58:02.0991 UTC -> {"items":[121],"price":354.47775927539584}
2021.07.09, 15:58:02.0991 UTC -> {"items":[128,145,41,85,8,165],"price":331.33109689751984}
2021.07.09, 15:58:02.0991 UTC -> {"items":[11],"price":265.25465413856654}
2021.07.09, 15:58:02.0991 UTC -> {"items":[2,151],"price":216.5425932054672}
2021.07.09, 15:58:02.0991 UTC -> {"items":[18,87],"price":200.235407674072}
2021.07.09, 15:58:02.0991 UTC -> {"items":[135,92],"price":239.21566861908227}
2021.07.09, 15:58:02.0991 UTC -> {"items":[66,84],"price":153.79109865966223}
2021.07.09, 15:58:02.0991 UTC -> {"items":[68],"price":124.75377262106124}
2021.07.09, 15:58:02.0991 UTC -> {"items":[7,167],"price":108.45957841178166}
2021.07.09, 15:58:02.0991 UTC -> {"items":[174],"price":74.97738800285259}
2021.07.09, 15:58:02.0991 UTC -> {"items":[36,30],"price":117.85281035092754}
2021.07.09, 15:58:02.0991 UTC -> {"items":[5,57,28],"price":70.84599001472935}
2021.07.09, 15:58:02.0991 UTC -> {"items":[49,120,40],"price":66.60384214776394}
2021.07.09, 15:58:02.0991 UTC -> {"choosen":{"items":[140,146],"price":807.399370638394},"r":0.7076835280334988}
2021.07.09, 15:58:02.0991 UTC -> {"price":12181.337914259562}
2021.07.09, 15:58:02.0991 UTC -> {"items":[72],"price":162.8848613121896}
2021.07.09, 15:58:02.0992 UTC -> {"items":[175,130],"price":746.9817387434734}
2021.07.09, 15:58:02.0992 UTC -> {"items":[147,44],"price":761.8616028338552}
2021.07.09, 15:58:02.0992 UTC -> {"items":[89],"price":684.3035443959378}
2021.07.09, 15:58:02.0992 UTC -> {"items":[116],"price":708.4728628050889}
2021.07.09, 15:58:02.0992 UTC -> {"items":[31,117,21,86],"price":677.9528632122409}
2021.07.09, 15:58:02.0992 UTC -> {"items":[69],"price":667.5991774203856}
2021.07.09, 15:58:02.0992 UTC -> {"items":[144],"price":581.6115472108643}
2021.07.09, 15:58:02.0992 UTC -> {"items":[93],"price":482.6654191637718}
2021.07.09, 15:58:02.0992 UTC -> {"items":[35],"price":685.6835618040786}
2021.07.09, 15:58:02.0992 UTC -> {"items":[123],"price":539.6716867256488}
2021.07.09, 15:58:02.0992 UTC -> {"items":[131],"price":518.0660749110466}
2021.07.09, 15:58:02.0992 UTC -> {"items":[121],"price":354.47775927539584}
2021.07.09, 15:58:02.0992 UTC -> {"items":[39],"price":452.0587067652748}
2021.07.09, 15:58:02.0992 UTC -> {"items":[134],"price":377.5928769164498}
2021.07.09, 15:58:02.0992 UTC -> {"items":[132,9,98],"price":361.4202587605111}
2021.07.09, 15:58:02.0992 UTC -> {"items":[128,145,41,85,8,165],"price":331.33109689751984}
2021.07.09, 15:58:02.0992 UTC -> {"items":[114],"price":345.06154020280565}
2021.07.09, 15:58:02.0992 UTC -> {"items":[83],"price":295.7085604186622}
2021.07.09, 15:58:02.0992 UTC -> {"items":[135,92],"price":239.21566861908227}
2021.07.09, 15:58:02.0992 UTC -> {"items":[18,87],"price":200.235407674072}
2021.07.09, 15:58:02.0992 UTC -> {"items":[2,151],"price":216.5425932054672}
2021.07.09, 15:58:02.0992 UTC -> {"items":[66,84],"price":153.79109865966223}
2021.07.09, 15:58:02.0992 UTC -> {"items":[11],"price":265.25465413856654}
2021.07.09, 15:58:02.0992 UTC -> {"items":[72],"price":162.8848613121896}
2021.07.09, 15:58:02.0992 UTC -> {"items":[68],"price":124.75377262106124}
2021.07.09, 15:58:02.0992 UTC -> {"items":[36,30],"price":117.85281035092754}
2021.07.09, 15:58:02.0992 UTC -> {"items":[5,57,28],"price":70.84599001472935}
2021.07.09, 15:58:02.0992 UTC -> {"items":[174],"price":74.97738800285259}
2021.07.09, 15:58:02.0992 UTC -> {"items":[7,167],"price":108.45957841178166}
2021.07.09, 15:58:02.0992 UTC -> {"items":[49,120,40],"price":66.60384214776394}
2021.07.09, 15:58:02.0992 UTC -> {"choosen":{"items":[147,44],"price":761.8616028338552},"r":0.6405382961720798}
2021.07.09, 15:58:02.0992 UTC -> {"price":11373.93854362117}
2021.07.09, 15:58:02.0992 UTC -> {"items":[175,130],"price":746.9817387434734}
2021.07.09, 15:58:02.0992 UTC -> {"items":[35],"price":685.6835618040786}
2021.07.09, 15:58:02.0992 UTC -> {"items":[116],"price":708.4728628050889}
2021.07.09, 15:58:02.0992 UTC -> {"items":[89],"price":684.3035443959378}
2021.07.09, 15:58:02.0992 UTC -> {"items":[69],"price":667.5991774203856}
2021.07.09, 15:58:02.0992 UTC -> {"items":[31,117,21,86],"price":677.9528632122409}
2021.07.09, 15:58:02.0993 UTC -> {"items":[123],"price":539.6716867256488}
2021.07.09, 15:58:02.0993 UTC -> {"items":[144],"price":581.6115472108643}
2021.07.09, 15:58:02.0993 UTC -> {"items":[131],"price":518.0660749110466}
2021.07.09, 15:58:02.0993 UTC -> {"items":[93],"price":482.6654191637718}
2021.07.09, 15:58:02.0993 UTC -> {"items":[134],"price":377.5928769164498}
2021.07.09, 15:58:02.0993 UTC -> {"items":[132,9,98],"price":361.4202587605111}
2021.07.09, 15:58:02.0993 UTC -> {"items":[39],"price":452.0587067652748}
2021.07.09, 15:58:02.0993 UTC -> {"items":[114],"price":345.06154020280565}
2021.07.09, 15:58:02.0993 UTC -> {"items":[128,145,41,85,8,165],"price":331.33109689751984}
2021.07.09, 15:58:02.0993 UTC -> {"items":[11],"price":265.25465413856654}
2021.07.09, 15:58:02.0993 UTC -> {"items":[121],"price":354.47775927539584}
2021.07.09, 15:58:02.0993 UTC -> {"items":[135,92],"price":239.21566861908227}
2021.07.09, 15:58:02.0993 UTC -> {"items":[83],"price":295.7085604186622}
2021.07.09, 15:58:02.0993 UTC -> {"items":[18,87],"price":200.235407674072}
2021.07.09, 15:58:02.0993 UTC -> {"items":[72],"price":162.8848613121896}
2021.07.09, 15:58:02.0993 UTC -> {"items":[66,84],"price":153.79109865966223}
2021.07.09, 15:58:02.0993 UTC -> {"items":[36,30],"price":117.85281035092754}
2021.07.09, 15:58:02.0993 UTC -> {"items":[2,151],"price":216.5425932054672}
2021.07.09, 15:58:02.0993 UTC -> {"items":[5,57,28],"price":70.84599001472935}
2021.07.09, 15:58:02.0993 UTC -> {"items":[68],"price":124.75377262106124}
2021.07.09, 15:58:02.0993 UTC -> {"items":[7,167],"price":108.45957841178166}
2021.07.09, 15:58:02.0993 UTC -> {"items":[49,120,40],"price":66.60384214776394}
2021.07.09, 15:58:02.0993 UTC -> {"items":[174],"price":74.97738800285259}
2021.07.09, 15:58:02.0993 UTC -> {"items":[162],"price":987.8056152163026}
2021.07.09, 15:58:02.0993 UTC -> {"items":[16,95,62],"price":973.9173849560887}
2021.07.09, 15:58:02.0993 UTC -> {"items":[60],"price":972.5697852417475}
2021.07.09, 15:58:02.0993 UTC -> {"items":[172],"price":963.2519552612378}
2021.07.09, 15:58:02.0993 UTC -> {"items":[10,111,127],"price":896.7997966239029}
2021.07.09, 15:58:02.0993 UTC -> {"price":10612.076940787316}
2021.07.09, 15:58:02.0993 UTC -> {"items":[52],"price":876.6949965042195}
2021.07.09, 15:58:02.0993 UTC -> {"items":[148],"price":953.8335952474431}
2021.07.09, 15:58:02.0994 UTC -> {"items":[94,142,59,138,153,53,166,124,27,77,73,65,79,4,176,6,64,32,13,23,173,51,97,100,157,43,168,109,103,106,159,169,112,136,12,55,67,155,115,101,14,17,126,58,129,26,139,46,113,141,104,61,102,96,170,118,63,99,122,158],"price":866.8472400006107}
2021.07.09, 15:58:02.0994 UTC -> {"items":[140,146],"price":807.399370638394}
2021.07.09, 15:58:02.0994 UTC -> {"items":[175,130],"price":746.9817387434734}
2021.07.09, 15:58:02.0994 UTC -> {"items":[31,117,21,86],"price":677.9528632122409}
2021.07.09, 15:58:02.0994 UTC -> {"items":[35],"price":685.6835618040786}
2021.07.09, 15:58:02.0994 UTC -> {"items":[147,44],"price":761.8616028338552}
2021.07.09, 15:58:02.0994 UTC -> {"items":[69],"price":667.5991774203856}
2021.07.09, 15:58:02.0994 UTC -> {"items":[116],"price":708.4728628050889}
2021.07.09, 15:58:02.0994 UTC -> {"items":[131],"price":518.0660749110466}
2021.07.09, 15:58:02.0994 UTC -> {"items":[89],"price":684.3035443959378}
2021.07.09, 15:58:02.0994 UTC -> {"items":[144],"price":581.6115472108643}
2021.07.09, 15:58:02.0994 UTC -> {"items":[123],"price":539.6716867256488}
2021.07.09, 15:58:02.0995 UTC -> {"items":[39],"price":452.0587067652748}
2021.07.09, 15:58:02.0995 UTC -> {"items":[134],"price":377.5928769164498}
2021.07.09, 15:58:02.0995 UTC -> {"items":[132,9,98],"price":361.4202587605111}
2021.07.09, 15:58:02.0995 UTC -> {"items":[128,145,41,85,8,165],"price":331.33109689751984}
2021.07.09, 15:58:02.0995 UTC -> {"items":[93],"price":482.6654191637718}
2021.07.09, 15:58:02.0995 UTC -> {"items":[121],"price":354.47775927539584}
2021.07.09, 15:58:02.0995 UTC -> {"items":[83],"price":295.7085604186622}
2021.07.09, 15:58:02.0995 UTC -> {"items":[114],"price":345.06154020280565}
2021.07.09, 15:58:02.0995 UTC -> {"items":[2,151],"price":216.5425932054672}
2021.07.09, 15:58:02.0995 UTC -> {"items":[11],"price":265.25465413856654}
2021.07.09, 15:58:02.0995 UTC -> {"items":[18,87],"price":200.235407674072}
2021.07.09, 15:58:02.0995 UTC -> {"items":[135,92],"price":239.21566861908227}
2021.07.09, 15:58:02.0995 UTC -> {"items":[72],"price":162.8848613121896}
2021.07.09, 15:58:02.0995 UTC -> {"items":[68],"price":124.75377262106124}
2021.07.09, 15:58:02.0995 UTC -> {"items":[7,167],"price":108.45957841178166}
2021.07.09, 15:58:02.0995 UTC -> {"items":[36,30],"price":117.85281035092754}
2021.07.09, 15:58:02.0995 UTC -> {"items":[174],"price":74.97738800285259}
2021.07.09, 15:58:02.0995 UTC -> {"items":[66,84],"price":153.79109865966223}
2021.07.09, 15:58:02.0995 UTC -> {"items":[49,120,40],"price":66.60384214776394}
2021.07.09, 15:58:02.0995 UTC -> {"items":[5,57,28],"price":70.84599001472935}
2021.07.09, 15:58:02.0995 UTC -> {"price":19673.058283311108}
2021.07.09, 15:58:13.0278 UTC -> {"choosen":{"items":[15,77],"price":992.1426246403068},"r":0.49227719022346395}
2021.07.09, 15:58:13.0279 UTC -> {"items":[109,135],"price":960.8909892471382}
2021.07.09, 15:58:13.0279 UTC -> {"items":[150],"price":959.2706203668541}
2021.07.09, 15:58:13.0280 UTC -> {"items":[53,153,115],"price":958.9317622882974}
2021.07.09, 15:58:13.0280 UTC -> {"items":[173],"price":955.7488045673532}
2021.07.09, 15:58:13.0280 UTC -> {"items":[37],"price":910.9456364704689}
2021.07.09, 15:58:13.0280 UTC -> {"items":[84],"price":918.661974765792}
2021.07.09, 15:58:13.0280 UTC -> {"items":[165],"price":903.1672766757708}
2021.07.09, 15:58:13.0280 UTC -> {"items":[45],"price":883.3364081503503}
2021.07.09, 15:58:13.0280 UTC -> {"items":[64],"price":701.8937946069606}
2021.07.09, 15:58:13.0280 UTC -> {"items":[181],"price":688.7541258194076}
2021.07.09, 15:58:13.0280 UTC -> {"items":[105,113,159,47,48,191],"price":692.94405595794}
2021.07.09, 15:58:13.0280 UTC -> {"items":[36,111],"price":664.6732138334672}
2021.07.09, 15:58:13.0280 UTC -> {"items":[51,163,97],"price":534.4501513039621}
2021.07.09, 15:58:13.0280 UTC -> {"items":[192],"price":627.4521668981563}
2021.07.09, 15:58:13.0280 UTC -> {"items":[21,88],"price":472.47286701393534}
2021.07.09, 15:58:13.0280 UTC -> {"items":[66],"price":504.55234414218285}
2021.07.09, 15:58:13.0280 UTC -> {"items":[33],"price":424.45078327637486}
2021.07.09, 15:58:13.0280 UTC -> {"items":[74],"price":467.573380113002}
2021.07.09, 15:58:13.0280 UTC -> {"items":[8],"price":389.33699811072177}
2021.07.09, 15:58:13.0281 UTC -> {"items":[85,122],"price":323.10146209936283}
2021.07.09, 15:58:13.0280 UTC -> {"items":[23],"price":414.90999822686916}
2021.07.09, 15:58:13.0281 UTC -> {"items":[106,121,169],"price":251.8957855285573}
2021.07.09, 15:58:13.0281 UTC -> {"items":[123],"price":244.62170796196793}
2021.07.09, 15:58:13.0281 UTC -> {"items":[60,24,180,78,96],"price":228.38534515684316}
2021.07.09, 15:58:13.0281 UTC -> {"items":[94],"price":248.76353638868886}
2021.07.09, 15:58:13.0281 UTC -> {"items":[71,147],"price":189.12454525219547}
2021.07.09, 15:58:13.0281 UTC -> {"items":[142,101,189,2],"price":177.830437362134}
2021.07.09, 15:58:13.0281 UTC -> {"items":[41],"price":209.08880364479842}
2021.07.09, 15:58:13.0281 UTC -> {"items":[138,162,146,67,184,11,55,59,161,5,130,93,145,104,114,133,179,4,107,52,32,25,120,28,160,30,12,14,46,103,79,49,7,188,29,83,117,35,81,31,128,158,183,110,118,82,69,151,170,176],"price":161.94344567634445}
2021.07.09, 15:58:13.0281 UTC -> {"items":[75,168,16,26,190],"price":176.54275398295493}
2021.07.09, 15:58:13.0281 UTC -> {"items":[98],"price":64.52452042936163}
2021.07.09, 15:58:13.0281 UTC -> {"items":[6,100,18,44,72],"price":38.85870295435056}
2021.07.09, 15:58:13.0281 UTC -> {"choosen":{"items":[109,135],"price":960.8909892471382},"r":0.5644631911915119}
2021.07.09, 15:58:13.0282 UTC -> {"items":[150],"price":959.2706203668541}
2021.07.09, 15:58:13.0281 UTC -> {"price":16451.449918656213}
2021.07.09, 15:58:13.0281 UTC -> {"items":[157],"price":102.35152038364915}
2021.07.09, 15:58:13.0282 UTC -> {"items":[53,153,115],"price":958.9317622882974}
2021.07.09, 15:58:13.0282 UTC -> {"items":[84],"price":918.661974765792}
2021.07.09, 15:58:13.0282 UTC -> {"items":[173],"price":955.7488045673532}
2021.07.09, 15:58:13.0282 UTC -> {"items":[37],"price":910.9456364704689}
2021.07.09, 15:58:13.0282 UTC -> {"items":[165],"price":903.1672766757708}
2021.07.09, 15:58:13.0282 UTC -> {"items":[105,113,159,47,48,191],"price":692.94405595794}
2021.07.09, 15:58:13.0282 UTC -> {"items":[64],"price":701.8937946069606}
2021.07.09, 15:58:13.0282 UTC -> {"items":[181],"price":688.7541258194076}
2021.07.09, 15:58:13.0282 UTC -> {"items":[36,111],"price":664.6732138334672}
2021.07.09, 15:58:13.0282 UTC -> {"items":[51,163,97],"price":534.4501513039621}
2021.07.09, 15:58:13.0282 UTC -> {"items":[45],"price":883.3364081503503}
2021.07.09, 15:58:13.0282 UTC -> {"items":[192],"price":627.4521668981563}
2021.07.09, 15:58:13.0282 UTC -> {"items":[21,88],"price":472.47286701393534}
2021.07.09, 15:58:13.0282 UTC -> {"items":[23],"price":414.90999822686916}
2021.07.09, 15:58:13.0282 UTC -> {"items":[74],"price":467.573380113002}
2021.07.09, 15:58:13.0282 UTC -> {"items":[66],"price":504.55234414218285}
2021.07.09, 15:58:13.0282 UTC -> {"items":[85,122],"price":323.10146209936283}
2021.07.09, 15:58:13.0282 UTC -> {"items":[33],"price":424.45078327637486}
2021.07.09, 15:58:13.0282 UTC -> {"items":[94],"price":248.76353638868886}
2021.07.09, 15:58:13.0282 UTC -> {"items":[106,121,169],"price":251.8957855285573}
2021.07.09, 15:58:13.0282 UTC -> {"items":[8],"price":389.33699811072177}
2021.07.09, 15:58:13.0282 UTC -> {"items":[123],"price":244.62170796196793}
2021.07.09, 15:58:13.0283 UTC -> {"items":[71,147],"price":189.12454525219547}
2021.07.09, 15:58:13.0282 UTC -> {"items":[60,24,180,78,96],"price":228.38534515684316}
2021.07.09, 15:58:13.0283 UTC -> {"items":[41],"price":209.08880364479842}
2021.07.09, 15:58:13.0283 UTC -> {"items":[142,101,189,2],"price":177.830437362134}
2021.07.09, 15:58:13.0283 UTC -> {"items":[138,162,146,67,184,11,55,59,161,5,130,93,145,104,114,133,179,4,107,52,32,25,120,28,160,30,12,14,46,103,79,49,7,188,29,83,117,35,81,31,128,158,183,110,118,82,69,151,170,176],"price":161.94344567634445}
2021.07.09, 15:58:13.0283 UTC -> {"items":[75,168,16,26,190],"price":176.54275398295493}
2021.07.09, 15:58:13.0283 UTC -> {"items":[98],"price":64.52452042936163}
2021.07.09, 15:58:13.0283 UTC -> {"items":[157],"price":102.35152038364915}
2021.07.09, 15:58:13.0283 UTC -> {"items":[6,100,18,44,72],"price":38.85870295435056}
2021.07.09, 15:58:13.0283 UTC -> {"choosen":{"items":[150],"price":959.2706203668541},"r":0.9635677887052381}
2021.07.09, 15:58:13.0283 UTC -> {"items":[173],"price":955.7488045673532}
2021.07.09, 15:58:13.0283 UTC -> {"items":[53,153,115],"price":958.9317622882974}
2021.07.09, 15:58:13.0283 UTC -> {"items":[37],"price":910.9456364704689}
2021.07.09, 15:58:13.0283 UTC -> {"price":15490.558929409075}
2021.07.09, 15:58:13.0283 UTC -> {"items":[84],"price":918.661974765792}
2021.07.09, 15:58:13.0283 UTC -> {"items":[165],"price":903.1672766757708}
2021.07.09, 15:58:13.0283 UTC -> {"items":[45],"price":883.3364081503503}
2021.07.09, 15:58:13.0283 UTC -> {"items":[105,113,159,47,48,191],"price":692.94405595794}
2021.07.09, 15:58:13.0283 UTC -> {"items":[64],"price":701.8937946069606}
2021.07.09, 15:58:13.0283 UTC -> {"items":[181],"price":688.7541258194076}
2021.07.09, 15:58:13.0283 UTC -> {"items":[36,111],"price":664.6732138334672}
2021.07.09, 15:58:13.0283 UTC -> {"items":[51,163,97],"price":534.4501513039621}
2021.07.09, 15:58:13.0283 UTC -> {"items":[66],"price":504.55234414218285}
2021.07.09, 15:58:13.0283 UTC -> {"items":[192],"price":627.4521668981563}
2021.07.09, 15:58:13.0284 UTC -> {"items":[74],"price":467.573380113002}
2021.07.09, 15:58:13.0284 UTC -> {"items":[21,88],"price":472.47286701393534}
2021.07.09, 15:58:13.0284 UTC -> {"items":[33],"price":424.45078327637486}
2021.07.09, 15:58:13.0284 UTC -> {"items":[106,121,169],"price":251.8957855285573}
2021.07.09, 15:58:13.0284 UTC -> {"items":[8],"price":389.33699811072177}
2021.07.09, 15:58:13.0284 UTC -> {"items":[23],"price":414.90999822686916}
2021.07.09, 15:58:13.0284 UTC -> {"items":[85,122],"price":323.10146209936283}
2021.07.09, 15:58:13.0284 UTC -> {"items":[60,24,180,78,96],"price":228.38534515684316}
2021.07.09, 15:58:13.0284 UTC -> {"items":[123],"price":244.62170796196793}
2021.07.09, 15:58:13.0284 UTC -> {"items":[41],"price":209.08880364479842}
2021.07.09, 15:58:13.0284 UTC -> {"items":[71,147],"price":189.12454525219547}
2021.07.09, 15:58:13.0284 UTC -> {"items":[142,101,189,2],"price":177.830437362134}
2021.07.09, 15:58:13.0284 UTC -> {"items":[75,168,16,26,190],"price":176.54275398295493}
2021.07.09, 15:58:13.0284 UTC -> {"items":[138,162,146,67,184,11,55,59,161,5,130,93,145,104,114,133,179,4,107,52,32,25,120,28,160,30,12,14,46,103,79,49,7,188,29,83,117,35,81,31,128,158,183,110,118,82,69,151,170,176],"price":161.94344567634445}
2021.07.09, 15:58:13.0284 UTC -> {"items":[6,100,18,44,72],"price":38.85870295435056}
2021.07.09, 15:58:13.0284 UTC -> {"items":[157],"price":102.35152038364915}
2021.07.09, 15:58:13.0284 UTC -> {"items":[94],"price":248.76353638868886}
2021.07.09, 15:58:13.0284 UTC -> {"choosen":{"items":[53,153,115],"price":958.9317622882974},"r":0.839768968915239}
2021.07.09, 15:58:13.0284 UTC -> {"price":14531.288309042222}
2021.07.09, 15:58:13.0284 UTC -> {"items":[98],"price":64.52452042936163}
2021.07.09, 15:58:13.0285 UTC -> {"items":[84],"price":918.661974765792}
2021.07.09, 15:58:13.0285 UTC -> {"items":[37],"price":910.9456364704689}
2021.07.09, 15:58:13.0285 UTC -> {"items":[173],"price":955.7488045673532}
2021.07.09, 15:58:13.0285 UTC -> {"items":[105,113,159,47,48,191],"price":692.94405595794}
2021.07.09, 15:58:13.0285 UTC -> {"items":[45],"price":883.3364081503503}
2021.07.09, 15:58:13.0285 UTC -> {"items":[165],"price":903.1672766757708}
2021.07.09, 15:58:13.0285 UTC -> {"items":[36,111],"price":664.6732138334672}
2021.07.09, 15:58:13.0285 UTC -> {"items":[181],"price":688.7541258194076}
2021.07.09, 15:58:13.0286 UTC -> {"items":[192],"price":627.4521668981563}
2021.07.09, 15:58:13.0286 UTC -> {"items":[51,163,97],"price":534.4501513039621}
2021.07.09, 15:58:13.0286 UTC -> {"items":[66],"price":504.55234414218285}
2021.07.09, 15:58:13.0286 UTC -> {"items":[21,88],"price":472.47286701393534}
2021.07.09, 15:58:13.0285 UTC -> {"items":[64],"price":701.8937946069606}
2021.07.09, 15:58:13.0286 UTC -> {"items":[33],"price":424.45078327637486}
2021.07.09, 15:58:13.0286 UTC -> {"items":[23],"price":414.90999822686916}
2021.07.09, 15:58:13.0286 UTC -> {"items":[8],"price":389.33699811072177}
2021.07.09, 15:58:13.0287 UTC -> {"items":[123],"price":244.62170796196793}
2021.07.09, 15:58:13.0287 UTC -> {"items":[106,121,169],"price":251.8957855285573}
2021.07.09, 15:58:13.0286 UTC -> {"items":[74],"price":467.573380113002}
2021.07.09, 15:58:13.0287 UTC -> {"items":[94],"price":248.76353638868886}
2021.07.09, 15:58:13.0287 UTC -> {"items":[60,24,180,78,96],"price":228.38534515684316}
2021.07.09, 15:58:13.0287 UTC -> {"items":[85,122],"price":323.10146209936283}
2021.07.09, 15:58:13.0287 UTC -> {"items":[71,147],"price":189.12454525219547}
2021.07.09, 15:58:13.0287 UTC -> {"items":[75,168,16,26,190],"price":176.54275398295493}
2021.07.09, 15:58:13.0287 UTC -> {"items":[41],"price":209.08880364479842}
2021.07.09, 15:58:13.0287 UTC -> {"items":[142,101,189,2],"price":177.830437362134}
2021.07.09, 15:58:13.0288 UTC -> {"items":[138,162,146,67,184,11,55,59,161,5,130,93,145,104,114,133,179,4,107,52,32,25,120,28,160,30,12,14,46,103,79,49,7,188,29,83,117,35,81,31,128,158,183,110,118,82,69,151,170,176],"price":161.94344567634445}
2021.07.09, 15:58:13.0288 UTC -> {"items":[157],"price":102.35152038364915}
2021.07.09, 15:58:13.0288 UTC -> {"items":[6,100,18,44,72],"price":38.85870295435056}
2021.07.09, 15:58:13.0288 UTC -> {"items":[98],"price":64.52452042936163}
2021.07.09, 15:58:13.0288 UTC -> {"choosen":{"items":[173],"price":955.7488045673532},"r":0.5984023480697038}
2021.07.09, 15:58:13.0288 UTC -> {"price":13572.356546753927}
2021.07.09, 15:58:13.0289 UTC -> {"items":[84],"price":918.661974765792}
2021.07.09, 15:58:13.0289 UTC -> {"items":[37],"price":910.9456364704689}
2021.07.09, 15:58:13.0289 UTC -> {"items":[165],"price":903.1672766757708}
2021.07.09, 15:58:13.0289 UTC -> {"items":[64],"price":701.8937946069606}
2021.07.09, 15:58:13.0289 UTC -> {"items":[45],"price":883.3364081503503}
2021.07.09, 15:58:13.0289 UTC -> {"items":[105,113,159,47,48,191],"price":692.94405595794}
2021.07.09, 15:58:13.0289 UTC -> {"items":[36,111],"price":664.6732138334672}
2021.07.09, 15:58:13.0289 UTC -> {"items":[51,163,97],"price":534.4501513039621}
2021.07.09, 15:58:13.0289 UTC -> {"items":[192],"price":627.4521668981563}
2021.07.09, 15:58:13.0289 UTC -> {"items":[21,88],"price":472.47286701393534}
2021.07.09, 15:58:13.0289 UTC -> {"items":[66],"price":504.55234414218285}
2021.07.09, 15:58:13.0289 UTC -> {"items":[181],"price":688.7541258194076}
2021.07.09, 15:58:13.0289 UTC -> {"items":[74],"price":467.573380113002}
2021.07.09, 15:58:13.0289 UTC -> {"items":[33],"price":424.45078327637486}
2021.07.09, 15:58:13.0290 UTC -> {"items":[85,122],"price":323.10146209936283}
2021.07.09, 15:58:13.0290 UTC -> {"items":[8],"price":389.33699811072177}
2021.07.09, 15:58:13.0289 UTC -> {"items":[23],"price":414.90999822686916}
2021.07.09, 15:58:13.0290 UTC -> {"items":[106,121,169],"price":251.8957855285573}
2021.07.09, 15:58:13.0290 UTC -> {"items":[123],"price":244.62170796196793}
2021.07.09, 15:58:13.0290 UTC -> {"items":[60,24,180,78,96],"price":228.38534515684316}
2021.07.09, 15:58:13.0290 UTC -> {"items":[41],"price":209.08880364479842}
2021.07.09, 15:58:13.0290 UTC -> {"items":[71,147],"price":189.12454525219547}
2021.07.09, 15:58:13.0290 UTC -> {"items":[142,101,189,2],"price":177.830437362134}
2021.07.09, 15:58:13.0290 UTC -> {"items":[94],"price":248.76353638868886}
2021.07.09, 15:58:13.0290 UTC -> {"items":[75,168,16,26,190],"price":176.54275398295493}
2021.07.09, 15:58:13.0290 UTC -> {"items":[138,162,146,67,184,11,55,59,161,5,130,93,145,104,114,133,179,4,107,52,32,25,120,28,160,30,12,14,46,103,79,49,7,188,29,83,117,35,81,31,128,158,183,110,118,82,69,151,170,176],"price":161.94344567634445}
2021.07.09, 15:58:13.0290 UTC -> {"items":[98],"price":64.52452042936163}
2021.07.09, 15:58:13.0290 UTC -> {"items":[6,100,18,44,72],"price":38.85870295435056}
2021.07.09, 15:58:13.0290 UTC -> {"price":12616.607742186572}
2021.07.09, 15:58:13.0290 UTC -> {"items":[157],"price":102.35152038364915}
2021.07.09, 15:58:13.0290 UTC -> {"choosen":{"items":[84],"price":918.661974765792},"r":0.7337130252840767}
2021.07.09, 15:58:13.0290 UTC -> {"items":[37],"price":910.9456364704689}
2021.07.09, 15:58:13.0290 UTC -> {"items":[165],"price":903.1672766757708}
2021.07.09, 15:58:13.0291 UTC -> {"items":[105,113,159,47,48,191],"price":692.94405595794}
2021.07.09, 15:58:13.0291 UTC -> {"items":[64],"price":701.8937946069606}
2021.07.09, 15:58:13.0291 UTC -> {"items":[45],"price":883.3364081503503}
2021.07.09, 15:58:13.0291 UTC -> {"items":[181],"price":688.7541258194076}
2021.07.09, 15:58:13.0291 UTC -> {"items":[36,111],"price":664.6732138334672}
2021.07.09, 15:58:13.0291 UTC -> {"items":[51,163,97],"price":534.4501513039621}
2021.07.09, 15:58:13.0291 UTC -> {"items":[192],"price":627.4521668981563}
2021.07.09, 15:58:13.0291 UTC -> {"items":[74],"price":467.573380113002}
2021.07.09, 15:58:13.0291 UTC -> {"items":[66],"price":504.55234414218285}
2021.07.09, 15:58:13.0291 UTC -> {"items":[21,88],"price":472.47286701393534}
2021.07.09, 15:58:13.0291 UTC -> {"items":[33],"price":424.45078327637486}
2021.07.09, 15:58:13.0291 UTC -> {"items":[8],"price":389.33699811072177}
2021.07.09, 15:58:13.0291 UTC -> {"items":[23],"price":414.90999822686916}
2021.07.09, 15:58:13.0291 UTC -> {"items":[85,122],"price":323.10146209936283}
2021.07.09, 15:58:13.0291 UTC -> {"items":[106,121,169],"price":251.8957855285573}
2021.07.09, 15:58:13.0292 UTC -> {"items":[123],"price":244.62170796196793}
2021.07.09, 15:58:13.0292 UTC -> {"items":[60,24,180,78,96],"price":228.38534515684316}
2021.07.09, 15:58:13.0291 UTC -> {"items":[94],"price":248.76353638868886}
2021.07.09, 15:58:13.0292 UTC -> {"items":[41],"price":209.08880364479842}
2021.07.09, 15:58:13.0292 UTC -> {"items":[71,147],"price":189.12454525219547}
2021.07.09, 15:58:13.0292 UTC -> {"items":[142,101,189,2],"price":177.830437362134}
2021.07.09, 15:58:13.0292 UTC -> {"items":[75,168,16,26,190],"price":176.54275398295493}
2021.07.09, 15:58:13.0292 UTC -> {"items":[138,162,146,67,184,11,55,59,161,5,130,93,145,104,114,133,179,4,107,52,32,25,120,28,160,30,12,14,46,103,79,49,7,188,29,83,117,35,81,31,128,158,183,110,118,82,69,151,170,176],"price":161.94344567634445}
2021.07.09, 15:58:13.0292 UTC -> {"items":[98],"price":64.52452042936163}
2021.07.09, 15:58:13.0292 UTC -> {"items":[157],"price":102.35152038364915}
2021.07.09, 15:58:13.0292 UTC -> {"items":[6,100,18,44,72],"price":38.85870295435056}
2021.07.09, 15:58:13.0292 UTC -> {"choosen":{"items":[37],"price":910.9456364704689},"r":0.7119866109581559}
2021.07.09, 15:58:13.0292 UTC -> {"price":11697.945767420779}
2021.07.09, 15:58:13.0292 UTC -> {"items":[45],"price":883.3364081503503}
2021.07.09, 15:58:13.0292 UTC -> {"items":[165],"price":903.1672766757708}
2021.07.09, 15:58:13.0292 UTC -> {"items":[105,113,159,47,48,191],"price":692.94405595794}
2021.07.09, 15:58:13.0292 UTC -> {"items":[181],"price":688.7541258194076}
2021.07.09, 15:58:13.0293 UTC -> {"items":[36,111],"price":664.6732138334672}
2021.07.09, 15:58:13.0293 UTC -> {"items":[192],"price":627.4521668981563}
2021.07.09, 15:58:13.0292 UTC -> {"items":[64],"price":701.8937946069606}
2021.07.09, 15:58:13.0293 UTC -> {"items":[51,163,97],"price":534.4501513039621}
2021.07.09, 15:58:13.0293 UTC -> {"items":[66],"price":504.55234414218285}
2021.07.09, 15:58:13.0293 UTC -> {"items":[21,88],"price":472.47286701393534}
2021.07.09, 15:58:13.0293 UTC -> {"items":[33],"price":424.45078327637486}
2021.07.09, 15:58:13.0293 UTC -> {"items":[74],"price":467.573380113002}
2021.07.09, 15:58:13.0293 UTC -> {"items":[8],"price":389.33699811072177}
2021.07.09, 15:58:13.0293 UTC -> {"items":[85,122],"price":323.10146209936283}
2021.07.09, 15:58:13.0293 UTC -> {"items":[106,121,169],"price":251.8957855285573}
2021.07.09, 15:58:13.0293 UTC -> {"items":[23],"price":414.90999822686916}
2021.07.09, 15:58:13.0293 UTC -> {"items":[123],"price":244.62170796196793}
2021.07.09, 15:58:13.0293 UTC -> {"items":[94],"price":248.76353638868886}
2021.07.09, 15:58:13.0293 UTC -> {"items":[60,24,180,78,96],"price":228.38534515684316}
2021.07.09, 15:58:13.0293 UTC -> {"items":[71,147],"price":189.12454525219547}
2021.07.09, 15:58:13.0293 UTC -> {"items":[75,168,16,26,190],"price":176.54275398295493}
2021.07.09, 15:58:13.0293 UTC -> {"items":[41],"price":209.08880364479842}
2021.07.09, 15:58:13.0293 UTC -> {"items":[142,101,189,2],"price":177.830437362134}
2021.07.09, 15:58:13.0293 UTC -> {"items":[138,162,146,67,184,11,55,59,161,5,130,93,145,104,114,133,179,4,107,52,32,25,120,28,160,30,12,14,46,103,79,49,7,188,29,83,117,35,81,31,128,158,183,110,118,82,69,151,170,176],"price":161.94344567634445}
2021.07.09, 15:58:13.0293 UTC -> {"items":[6,100,18,44,72],"price":38.85870295435056}
2021.07.09, 15:58:13.0293 UTC -> {"items":[98],"price":64.52452042936163}
2021.07.09, 15:58:13.0293 UTC -> {"items":[157],"price":102.35152038364915}
2021.07.09, 15:58:13.0293 UTC -> {"choosen":{"items":[165],"price":903.1672766757708},"r":0.9955619514466871}
2021.07.09, 15:58:13.0293 UTC -> {"price":10787.00013095031}
2021.07.09, 15:58:13.0293 UTC -> {"items":[64],"price":701.8937946069606}
2021.07.09, 15:58:13.0294 UTC -> {"items":[181],"price":688.7541258194076}
2021.07.09, 15:58:13.0294 UTC -> {"items":[36,111],"price":664.6732138334672}
2021.07.09, 15:58:13.0294 UTC -> {"items":[192],"price":627.4521668981563}
2021.07.09, 15:58:13.0294 UTC -> {"items":[105,113,159,47,48,191],"price":692.94405595794}
2021.07.09, 15:58:13.0294 UTC -> {"items":[51,163,97],"price":534.4501513039621}
2021.07.09, 15:58:13.0293 UTC -> {"items":[45],"price":883.3364081503503}
2021.07.09, 15:58:13.0294 UTC -> {"items":[66],"price":504.55234414218285}
2021.07.09, 15:58:13.0294 UTC -> {"items":[21,88],"price":472.47286701393534}
2021.07.09, 15:58:13.0294 UTC -> {"items":[23],"price":414.90999822686916}
2021.07.09, 15:58:13.0294 UTC -> {"items":[33],"price":424.45078327637486}
2021.07.09, 15:58:13.0294 UTC -> {"items":[74],"price":467.573380113002}
2021.07.09, 15:58:13.0294 UTC -> {"items":[8],"price":389.33699811072177}
2021.07.09, 15:58:13.0294 UTC -> {"items":[85,122],"price":323.10146209936283}
2021.07.09, 15:58:13.0294 UTC -> {"items":[106,121,169],"price":251.8957855285573}
2021.07.09, 15:58:13.0294 UTC -> {"items":[60,24,180,78,96],"price":228.38534515684316}
2021.07.09, 15:58:13.0294 UTC -> {"items":[123],"price":244.62170796196793}
2021.07.09, 15:58:13.0294 UTC -> {"items":[41],"price":209.08880364479842}
2021.07.09, 15:58:13.0294 UTC -> {"items":[94],"price":248.76353638868886}
2021.07.09, 15:58:13.0294 UTC -> {"items":[71,147],"price":189.12454525219547}
2021.07.09, 15:58:13.0294 UTC -> {"items":[75,168,16,26,190],"price":176.54275398295493}
2021.07.09, 15:58:13.0294 UTC -> {"items":[157],"price":102.35152038364915}
2021.07.09, 15:58:13.0294 UTC -> {"items":[142,101,189,2],"price":177.830437362134}
2021.07.09, 15:58:13.0294 UTC -> {"items":[138,162,146,67,184,11,55,59,161,5,130,93,145,104,114,133,179,4,107,52,32,25,120,28,160,30,12,14,46,103,79,49,7,188,29,83,117,35,81,31,128,158,183,110,118,82,69,151,170,176],"price":161.94344567634445}
2021.07.09, 15:58:13.0294 UTC -> {"items":[98],"price":64.52452042936163}
2021.07.09, 15:58:13.0294 UTC -> {"items":[6,100,18,44,72],"price":38.85870295435056}
2021.07.09, 15:58:13.0294 UTC -> {"choosen":{"items":[45],"price":883.3364081503503},"r":0.31135726309159883}
2021.07.09, 15:58:13.0294 UTC -> {"items":[181],"price":688.7541258194076}
2021.07.09, 15:58:13.0294 UTC -> {"items":[105,113,159,47,48,191],"price":692.94405595794}
2021.07.09, 15:58:13.0294 UTC -> {"items":[64],"price":701.8937946069606}
2021.07.09, 15:58:13.0295 UTC -> {"items":[36,111],"price":664.6732138334672}
2021.07.09, 15:58:13.0295 UTC -> {"items":[66],"price":504.55234414218285}
2021.07.09, 15:58:13.0295 UTC -> {"items":[51,163,97],"price":534.4501513039621}
2021.07.09, 15:58:13.0295 UTC -> {"items":[192],"price":627.4521668981563}
2021.07.09, 15:58:13.0295 UTC -> {"items":[21,88],"price":472.47286701393534}
2021.07.09, 15:58:13.0295 UTC -> {"items":[74],"price":467.573380113002}
2021.07.09, 15:58:13.0295 UTC -> {"items":[23],"price":414.90999822686916}
2021.07.09, 15:58:13.0295 UTC -> {"items":[8],"price":389.33699811072177}
2021.07.09, 15:58:13.0295 UTC -> {"items":[33],"price":424.45078327637486}
2021.07.09, 15:58:13.0295 UTC -> {"items":[106,121,169],"price":251.8957855285573}
2021.07.09, 15:58:13.0295 UTC -> {"items":[85,122],"price":323.10146209936283}
2021.07.09, 15:58:13.0294 UTC -> {"price":9883.832854274538}
2021.07.09, 15:58:13.0295 UTC -> {"items":[123],"price":244.62170796196793}
2021.07.09, 15:58:13.0295 UTC -> {"items":[94],"price":248.76353638868886}
2021.07.09, 15:58:13.0295 UTC -> {"items":[71,147],"price":189.12454525219547}
2021.07.09, 15:58:13.0295 UTC -> {"items":[60,24,180,78,96],"price":228.38534515684316}
2021.07.09, 15:58:13.0295 UTC -> {"items":[41],"price":209.08880364479842}
2021.07.09, 15:58:13.0295 UTC -> {"items":[138,162,146,67,184,11,55,59,161,5,130,93,145,104,114,133,179,4,107,52,32,25,120,28,160,30,12,14,46,103,79,49,7,188,29,83,117,35,81,31,128,158,183,110,118,82,69,151,170,176],"price":161.94344567634445}
2021.07.09, 15:58:13.0295 UTC -> {"items":[142,101,189,2],"price":177.830437362134}
2021.07.09, 15:58:13.0295 UTC -> {"items":[75,168,16,26,190],"price":176.54275398295493}
2021.07.09, 15:58:13.0295 UTC -> {"items":[157],"price":102.35152038364915}
2021.07.09, 15:58:13.0295 UTC -> {"items":[98],"price":64.52452042936163}
2021.07.09, 15:58:13.0296 UTC -> {"items":[105,113,159,47,48,191],"price":692.94405595794}
2021.07.09, 15:58:13.0296 UTC -> {"choosen":{"items":[64],"price":701.8937946069606},"r":0.5529853389454273}
2021.07.09, 15:58:13.0296 UTC -> {"items":[181],"price":688.7541258194076}
2021.07.09, 15:58:13.0296 UTC -> {"items":[6,100,18,44,72],"price":38.85870295435056}
2021.07.09, 15:58:13.0296 UTC -> {"items":[192],"price":627.4521668981563}
2021.07.09, 15:58:13.0296 UTC -> {"items":[36,111],"price":664.6732138334672}
2021.07.09, 15:58:13.0296 UTC -> {"items":[51,163,97],"price":534.4501513039621}
2021.07.09, 15:58:13.0296 UTC -> {"items":[66],"price":504.55234414218285}
2021.07.09, 15:58:13.0296 UTC -> {"items":[21,88],"price":472.47286701393534}
2021.07.09, 15:58:13.0296 UTC -> {"items":[74],"price":467.573380113002}
2021.07.09, 15:58:13.0296 UTC -> {"items":[33],"price":424.45078327637486}
2021.07.09, 15:58:13.0296 UTC -> {"items":[23],"price":414.90999822686916}
2021.07.09, 15:58:13.0296 UTC -> {"items":[85,122],"price":323.10146209936283}
2021.07.09, 15:58:13.0296 UTC -> {"items":[106,121,169],"price":251.8957855285573}
2021.07.09, 15:58:13.0296 UTC -> {"items":[94],"price":248.76353638868886}
2021.07.09, 15:58:13.0296 UTC -> {"items":[8],"price":389.33699811072177}
2021.07.09, 15:58:13.0296 UTC -> {"items":[123],"price":244.62170796196793}
2021.07.09, 15:58:13.0296 UTC -> {"items":[60,24,180,78,96],"price":228.38534515684316}
2021.07.09, 15:58:13.0296 UTC -> {"price":9000.496446124189}
2021.07.09, 15:58:13.0297 UTC -> {"items":[71,147],"price":189.12454525219547}
2021.07.09, 15:58:13.0297 UTC -> {"items":[75,168,16,26,190],"price":176.54275398295493}
2021.07.09, 15:58:13.0297 UTC -> {"items":[138,162,146,67,184,11,55,59,161,5,130,93,145,104,114,133,179,4,107,52,32,25,120,28,160,30,12,14,46,103,79,49,7,188,29,83,117,35,81,31,128,158,183,110,118,82,69,151,170,176],"price":161.94344567634445}
2021.07.09, 15:58:13.0297 UTC -> {"items":[142,101,189,2],"price":177.830437362134}
2021.07.09, 15:58:13.0297 UTC -> {"items":[6,100,18,44,72],"price":38.85870295435056}
2021.07.09, 15:58:13.0296 UTC -> {"items":[41],"price":209.08880364479842}
2021.07.09, 15:58:13.0297 UTC -> {"price":8298.602651517229}
2021.07.09, 15:58:13.0297 UTC -> {"items":[157],"price":102.35152038364915}
2021.07.09, 15:58:13.0297 UTC -> {"items":[15,77],"price":992.1426246403068}
2021.07.09, 15:58:13.0297 UTC -> {"items":[109,135],"price":960.8909892471382}
2021.07.09, 15:58:13.0297 UTC -> {"items":[150],"price":959.2706203668541}
2021.07.09, 15:58:13.0297 UTC -> {"items":[98],"price":64.52452042936163}
2021.07.09, 15:58:13.0297 UTC -> {"items":[173],"price":955.7488045673532}
2021.07.09, 15:58:13.0297 UTC -> {"items":[53,153,115],"price":958.9317622882974}
2021.07.09, 15:58:13.0297 UTC -> {"items":[84],"price":918.661974765792}
2021.07.09, 15:58:13.0297 UTC -> {"items":[37],"price":910.9456364704689}
2021.07.09, 15:58:13.0297 UTC -> {"items":[45],"price":883.3364081503503}
2021.07.09, 15:58:13.0297 UTC -> {"items":[165],"price":903.1672766757708}
2021.07.09, 15:58:13.0298 UTC -> {"items":[36,111],"price":664.6732138334672}
2021.07.09, 15:58:13.0298 UTC -> {"items":[105,113,159,47,48,191],"price":692.94405595794}
2021.07.09, 15:58:13.0298 UTC -> {"items":[64],"price":701.8937946069606}
2021.07.09, 15:58:13.0298 UTC -> {"items":[181],"price":688.7541258194076}
2021.07.09, 15:58:13.0298 UTC -> {"items":[66],"price":504.55234414218285}
2021.07.09, 15:58:13.0298 UTC -> {"items":[51,163,97],"price":534.4501513039621}
2021.07.09, 15:58:13.0298 UTC -> {"items":[74],"price":467.573380113002}
2021.07.09, 15:58:13.0298 UTC -> {"items":[21,88],"price":472.47286701393534}
2021.07.09, 15:58:13.0298 UTC -> {"items":[23],"price":414.90999822686916}
2021.07.09, 15:58:13.0298 UTC -> {"items":[8],"price":389.33699811072177}
2021.07.09, 15:58:13.0298 UTC -> {"items":[33],"price":424.45078327637486}
2021.07.09, 15:58:13.0298 UTC -> {"items":[94],"price":248.76353638868886}
2021.07.09, 15:58:13.0298 UTC -> {"items":[85,122],"price":323.10146209936283}
2021.07.09, 15:58:13.0298 UTC -> {"items":[106,121,169],"price":251.8957855285573}
2021.07.09, 15:58:13.0298 UTC -> {"items":[123],"price":244.62170796196793}
2021.07.09, 15:58:13.0298 UTC -> {"items":[60,24,180,78,96],"price":228.38534515684316}
2021.07.09, 15:58:13.0298 UTC -> {"items":[142,101,189,2],"price":177.830437362134}
2021.07.09, 15:58:13.0298 UTC -> {"items":[192],"price":627.4521668981563}
2021.07.09, 15:58:13.0298 UTC -> {"items":[71,147],"price":189.12454525219547}
2021.07.09, 15:58:13.0298 UTC -> {"items":[75,168,16,26,190],"price":176.54275398295493}
2021.07.09, 15:58:13.0299 UTC -> {"items":[138,162,146,67,184,11,55,59,161,5,130,93,145,104,114,133,179,4,107,52,32,25,120,28,160,30,12,14,46,103,79,49,7,188,29,83,117,35,81,31,128,158,183,110,118,82,69,151,170,176],"price":161.94344567634445}
2021.07.09, 15:58:13.0298 UTC -> {"items":[41],"price":209.08880364479842}
2021.07.09, 15:58:13.0299 UTC -> {"items":[157],"price":102.35152038364915}
2021.07.09, 15:58:13.0299 UTC -> {"items":[98],"price":64.52452042936163}
2021.07.09, 15:58:13.0299 UTC -> {"items":[6,100,18,44,72],"price":38.85870295435056}
2021.07.09, 15:58:13.0299 UTC -> {"price":17443.59254329652}
